{
"/home/travis/build/zordius/gulp-jsx-coverage/test/target.js":{"path":"/home/travis/build/zordius/gulp-jsx-coverage/test/target.js","s":{"1":1,"2":1,"3":5,"4":0,"5":1},"b":{},"f":{"1":5,"2":0,"3":1},"fnMap":{"1":{"name":"multi","line":6,"loc":{"start":{"line":6,"column":11},"end":{"line":6,"column":32}}},"2":{"name":"add","line":9,"loc":{"start":{"line":9,"column":9},"end":{"line":9,"column":28}}},"3":{"name":"string","line":12,"loc":{"start":{"line":12,"column":12},"end":{"line":12,"column":48}}}},"statementMap":{"1":{"start":{"line":3,"column":0},"end":{"line":3,"column":29}},"2":{"start":{"line":5,"column":0},"end":{"line":24,"column":2}},"3":{"start":{"line":7,"column":8},"end":{"line":7,"column":21}},"4":{"start":{"line":10,"column":8},"end":{"line":10,"column":21}},"5":{"start":{"line":13,"column":8},"end":{"line":13,"column":85}}},"branchMap":{},"l":{"3":1,"5":1,"7":5,"10":0,"13":1}}}
